# JRE version: OpenJDK Runtime Environment Temurin-21.0.8+9 (21.0.8+9) (build 21.0.8+9-LTS)
# Java VM: OpenJDK 64-Bit Server VM Temurin-21.0.8+9 (21.0.8+9-LTS, mixed mode, sharing, tiered, compressed oops, compressed class ptrs, g1 gc, windows-amd64)
GC Precious Log:
 CardTable entry size: 512
 Card Set container configuration: InlinePtr #cards 4 size 8 Array Of Cards #cards 16 size 48 Howl #buckets 8 coarsen threshold 3686 Howl Bitmap #cards 512 size 80 coarsen threshold 460 Card regions per heap region 1 cards per card region 4096
 CPUs: 12 total, 12 available
 Memory: 15789M
 Large Page Support: Disabled
 NUMA Support: Disabled
 Compressed Oops: Enabled (Zero based)
 Heap Region Size: 2M
 Heap Min Capacity: 8M
 Heap Initial Capacity: 248M
 Heap Max Capacity: 3948M
 Pre-touch: Disabled
 Parallel Workers: 10
 Concurrent Workers: 3
 Concurrent Refinement Workers: 10
 Periodic GC: Disabled
Heap:
 garbage-first heap   total 92160K, used 56276K [0x0000000709400000, 0x0000000800000000)
  region size 2048K, 3 young (6144K), 2 survivors (4096K)
 Metaspace       used 99861K, committed 100928K, reserved 1179648K
  class space    used 13323K, committed 13824K, reserved 1048576K
GC Heap History (20 events):
Event: 9.117 GC heap before
{Heap before GC invocations=18 (full 0):
 garbage-first heap   total 90112K, used 79613K [0x0000000709400000, 0x0000000800000000)
  region size 2048K, 22 young (45056K), 2 survivors (4096K)
 Metaspace       used 73503K, committed 74176K, reserved 1114112K
  class space    used 10143K, committed 10432K, reserved 1048576K
}
Event: 9.121 GC heap after
{Heap after GC invocations=19 (full 0):
 garbage-first heap   total 90112K, used 40670K [0x0000000709400000, 0x0000000800000000)
  region size 2048K, 3 young (6144K), 3 survivors (6144K)
 Metaspace       used 73503K, committed 74176K, reserved 1114112K
  class space    used 10143K, committed 10432K, reserved 1048576K
}
Event: 9.556 GC heap before
{Heap before GC invocations=19 (full 0):
 garbage-first heap   total 90112K, used 75486K [0x0000000709400000, 0x0000000800000000)
  region size 2048K, 20 young (40960K), 3 survivors (6144K)
 Metaspace       used 75949K, committed 76736K, reserved 1179648K
  class space    used 10420K, committed 10752K, reserved 1048576K
}
Event: 9.561 GC heap after
{Heap after GC invocations=20 (full 0):
 garbage-first heap   total 90112K, used 42593K [0x0000000709400000, 0x0000000800000000)
  region size 2048K, 3 young (6144K), 3 survivors (6144K)
 Metaspace       used 75949K, committed 76736K, reserved 1179648K
  class space    used 10420K, committed 10752K, reserved 1048576K
}
Event: 10.010 GC heap before
{Heap before GC invocations=20 (full 0):
 garbage-first heap   total 90112K, used 75361K [0x0000000709400000, 0x0000000800000000)
  region size 2048K, 19 young (38912K), 3 survivors (6144K)
 Metaspace       used 82351K, committed 83072K, reserved 1179648K
  class space    used 11116K, committed 11456K, reserved 1048576K
}
Event: 10.016 GC heap after
{Heap after GC invocations=21 (full 0):
 garbage-first heap   total 90112K, used 46549K [0x0000000709400000, 0x0000000800000000)
  region size 2048K, 3 young (6144K), 3 survivors (6144K)
 Metaspace       used 82351K, committed 83072K, reserved 1179648K
  class space    used 11116K, committed 11456K, reserved 1048576K
}
Event: 10.304 GC heap before
{Heap before GC invocations=21 (full 0):
 garbage-first heap   total 90112K, used 75221K [0x0000000709400000, 0x0000000800000000)
  region size 2048K, 18 young (36864K), 3 survivors (6144K)
 Metaspace       used 84518K, committed 85312K, reserved 1179648K
  class space    used 11308K, committed 11648K, reserved 1048576K
}
Event: 10.308 GC heap after
{Heap after GC invocations=22 (full 0):
 garbage-first heap   total 90112K, used 48427K [0x0000000709400000, 0x0000000800000000)
  region size 2048K, 1 young (2048K), 1 survivors (2048K)
 Metaspace       used 84518K, committed 85312K, reserved 1179648K
  class space    used 11308K, committed 11648K, reserved 1048576K
}
Event: 10.816 GC heap before
{Heap before GC invocations=23 (full 0):
 garbage-first heap   total 90112K, used 81195K [0x0000000709400000, 0x0000000800000000)
  region size 2048K, 17 young (34816K), 1 survivors (2048K)
 Metaspace       used 87027K, committed 87872K, reserved 1179648K
  class space    used 11616K, committed 12032K, reserved 1048576K
}
Event: 10.818 GC heap after
{Heap after GC invocations=24 (full 0):
 garbage-first heap   total 90112K, used 50033K [0x0000000709400000, 0x0000000800000000)
  region size 2048K, 2 young (4096K), 2 survivors (4096K)
 Metaspace       used 87027K, committed 87872K, reserved 1179648K
  class space    used 11616K, committed 12032K, reserved 1048576K
}
Event: 11.262 GC heap before
{Heap before GC invocations=24 (full 0):
 garbage-first heap   total 90112K, used 78705K [0x0000000709400000, 0x0000000800000000)
  region size 2048K, 16 young (32768K), 2 survivors (4096K)
 Metaspace       used 88984K, committed 89856K, reserved 1179648K
  class space    used 11918K, committed 12352K, reserved 1048576K
}
Event: 11.266 GC heap after
{Heap after GC invocations=25 (full 0):
 garbage-first heap   total 90112K, used 51853K [0x0000000709400000, 0x0000000800000000)
  region size 2048K, 2 young (4096K), 2 survivors (4096K)
 Metaspace       used 88984K, committed 89856K, reserved 1179648K
  class space    used 11918K, committed 12352K, reserved 1048576K
}
Event: 11.653 GC heap before
{Heap before GC invocations=25 (full 0):
 garbage-first heap   total 90112K, used 78477K [0x0000000709400000, 0x0000000800000000)
  region size 2048K, 15 young (30720K), 2 survivors (4096K)
 Metaspace       used 91850K, committed 92736K, reserved 1179648K
  class space    used 12334K, committed 12736K, reserved 1048576K
}
Event: 11.658 GC heap after
{Heap after GC invocations=26 (full 0):
 garbage-first heap   total 90112K, used 55198K [0x0000000709400000, 0x0000000800000000)
  region size 2048K, 2 young (4096K), 2 survivors (4096K)
 Metaspace       used 91850K, committed 92736K, reserved 1179648K
  class space    used 12334K, committed 12736K, reserved 1048576K
}
Event: 29.271 GC heap before
{Heap before GC invocations=27 (full 0):
 garbage-first heap   total 92160K, used 77726K [0x0000000709400000, 0x0000000800000000)
  region size 2048K, 14 young (28672K), 2 survivors (4096K)
 Metaspace       used 94779K, committed 95680K, reserved 1179648K
  class space    used 12664K, committed 13056K, reserved 1048576K
}
Event: 29.275 GC heap after
{Heap after GC invocations=28 (full 0):
 garbage-first heap   total 92160K, used 55911K [0x0000000709400000, 0x0000000800000000)
  region size 2048K, 1 young (2048K), 1 survivors (2048K)
 Metaspace       used 94779K, committed 95680K, reserved 1179648K
  class space    used 12664K, committed 13056K, reserved 1048576K
}
Event: 79.042 GC heap before
{Heap before GC invocations=28 (full 0):
 garbage-first heap   total 92160K, used 82535K [0x0000000709400000, 0x0000000800000000)
  region size 2048K, 14 young (28672K), 1 survivors (2048K)
 Metaspace       used 98673K, committed 99648K, reserved 1179648K
  class space    used 13232K, committed 13696K, reserved 1048576K
}
Event: 79.046 GC heap after
{Heap after GC invocations=29 (full 0):
 garbage-first heap   total 92160K, used 55795K [0x0000000709400000, 0x0000000800000000)
  region size 2048K, 1 young (2048K), 1 survivors (2048K)
 Metaspace       used 98673K, committed 99648K, reserved 1179648K
  class space    used 13232K, committed 13696K, reserved 1048576K
}
Event: 125.138 GC heap before
{Heap before GC invocations=29 (full 0):
 garbage-first heap   total 92160K, used 82419K [0x0000000709400000, 0x0000000800000000)
  region size 2048K, 14 young (28672K), 1 survivors (2048K)
 Metaspace       used 99921K, committed 100928K, reserved 1179648K
  class space    used 13333K, committed 13824K, reserved 1048576K
}
Event: 125.140 GC heap after
{Heap after GC invocations=30 (full 0):
 garbage-first heap   total 92160K, used 56276K [0x0000000709400000, 0x0000000800000000)
  region size 2048K, 2 young (4096K), 2 survivors (4096K)
 Metaspace       used 99921K, committed 100928K, reserved 1179648K
  class space    used 13333K, committed 13824K, reserved 1048576K
}

