# JRE version: OpenJDK Runtime Environment Temurin-21.0.8+9 (21.0.8+9) (build 21.0.8+9-LTS)
# Java VM: OpenJDK 64-Bit Server VM Temurin-21.0.8+9 (21.0.8+9-LTS, mixed mode, sharing, tiered, compressed oops, compressed class ptrs, g1 gc, windows-amd64)
GC Precious Log:
 CardTable entry size: 512
 Card Set container configuration: InlinePtr #cards 4 size 8 Array Of Cards #cards 16 size 48 Howl #buckets 8 coarsen threshold 3686 Howl Bitmap #cards 512 size 80 coarsen threshold 460 Card regions per heap region 1 cards per card region 4096
 CPUs: 12 total, 12 available
 Memory: 15789M
 Large Page Support: Disabled
 NUMA Support: Disabled
 Compressed Oops: Enabled (Zero based)
 Heap Region Size: 2M
 Heap Min Capacity: 8M
 Heap Initial Capacity: 248M
 Heap Max Capacity: 3948M
 Pre-touch: Disabled
 Parallel Workers: 10
 Concurrent Workers: 3
 Concurrent Refinement Workers: 10
 Periodic GC: Disabled
Heap:
 garbage-first heap   total 90112K, used 59057K [0x0000000709400000, 0x0000000800000000)
  region size 2048K, 10 young (20480K), 3 survivors (6144K)
 Metaspace       used 86171K, committed 86976K, reserved 1179648K
  class space    used 11651K, committed 12032K, reserved 1048576K
GC Heap History (20 events):
Event: 9.228 GC heap before
{Heap before GC invocations=9 (full 0):
 garbage-first heap   total 73728K, used 57763K [0x0000000709400000, 0x0000000800000000)
  region size 2048K, 19 young (38912K), 3 survivors (6144K)
 Metaspace       used 52347K, committed 52992K, reserved 1114112K
  class space    used 6884K, committed 7168K, reserved 1048576K
}
Event: 9.237 GC heap after
{Heap after GC invocations=10 (full 0):
 garbage-first heap   total 73728K, used 29531K [0x0000000709400000, 0x0000000800000000)
  region size 2048K, 3 young (6144K), 3 survivors (6144K)
 Metaspace       used 52347K, committed 52992K, reserved 1114112K
  class space    used 6884K, committed 7168K, reserved 1048576K
}
Event: 10.304 GC heap before
{Heap before GC invocations=10 (full 0):
 garbage-first heap   total 73728K, used 60251K [0x0000000709400000, 0x0000000800000000)
  region size 2048K, 18 young (36864K), 3 survivors (6144K)
 Metaspace       used 58742K, committed 59392K, reserved 1114112K
  class space    used 7899K, committed 8192K, reserved 1048576K
}
Event: 10.309 GC heap after
{Heap after GC invocations=11 (full 0):
 garbage-first heap   total 73728K, used 31180K [0x0000000709400000, 0x0000000800000000)
  region size 2048K, 2 young (4096K), 2 survivors (4096K)
 Metaspace       used 58742K, committed 59392K, reserved 1114112K
  class space    used 7899K, committed 8192K, reserved 1048576K
}
Event: 10.467 GC heap before
{Heap before GC invocations=11 (full 0):
 garbage-first heap   total 73728K, used 41420K [0x0000000709400000, 0x0000000800000000)
  region size 2048K, 8 young (16384K), 2 survivors (4096K)
 Metaspace       used 59500K, committed 60160K, reserved 1114112K
  class space    used 8004K, committed 8320K, reserved 1048576K
}
Event: 10.470 GC heap after
{Heap after GC invocations=12 (full 0):
 garbage-first heap   total 73728K, used 31484K [0x0000000709400000, 0x0000000800000000)
  region size 2048K, 1 young (2048K), 1 survivors (2048K)
 Metaspace       used 59500K, committed 60160K, reserved 1114112K
  class space    used 8004K, committed 8320K, reserved 1048576K
}
Event: 11.391 GC heap before
{Heap before GC invocations=13 (full 0):
 garbage-first heap   total 73728K, used 64252K [0x0000000709400000, 0x0000000800000000)
  region size 2048K, 17 young (34816K), 1 survivors (2048K)
 Metaspace       used 66074K, committed 66752K, reserved 1114112K
  class space    used 8933K, committed 9216K, reserved 1048576K
}
Event: 11.394 GC heap after
{Heap after GC invocations=14 (full 0):
 garbage-first heap   total 73728K, used 33831K [0x0000000709400000, 0x0000000800000000)
  region size 2048K, 2 young (4096K), 2 survivors (4096K)
 Metaspace       used 66074K, committed 66752K, reserved 1114112K
  class space    used 8933K, committed 9216K, reserved 1048576K
}
Event: 11.756 GC heap before
{Heap before GC invocations=14 (full 0):
 garbage-first heap   total 73728K, used 62503K [0x0000000709400000, 0x0000000800000000)
  region size 2048K, 16 young (32768K), 2 survivors (4096K)
 Metaspace       used 69683K, committed 70400K, reserved 1114112K
  class space    used 9663K, committed 9984K, reserved 1048576K
}
Event: 11.761 GC heap after
{Heap after GC invocations=15 (full 0):
 garbage-first heap   total 73728K, used 35211K [0x0000000709400000, 0x0000000800000000)
  region size 2048K, 2 young (4096K), 2 survivors (4096K)
 Metaspace       used 69683K, committed 70400K, reserved 1114112K
  class space    used 9663K, committed 9984K, reserved 1048576K
}
Event: 12.063 GC heap before
{Heap before GC invocations=15 (full 0):
 garbage-first heap   total 73728K, used 59787K [0x0000000709400000, 0x0000000800000000)
  region size 2048K, 14 young (28672K), 2 survivors (4096K)
 Metaspace       used 71864K, committed 72512K, reserved 1114112K
  class space    used 9989K, committed 10304K, reserved 1048576K
}
Event: 12.065 GC heap after
{Heap after GC invocations=16 (full 0):
 garbage-first heap   total 73728K, used 36770K [0x0000000709400000, 0x0000000800000000)
  region size 2048K, 2 young (4096K), 2 survivors (4096K)
 Metaspace       used 71864K, committed 72512K, reserved 1114112K
  class space    used 9989K, committed 10304K, reserved 1048576K
}
Event: 12.305 GC heap before
{Heap before GC invocations=17 (full 0):
 garbage-first heap   total 73728K, used 61346K [0x0000000709400000, 0x0000000800000000)
  region size 2048K, 14 young (28672K), 2 survivors (4096K)
 Metaspace       used 72393K, committed 73024K, reserved 1114112K
  class space    used 10073K, committed 10368K, reserved 1048576K
}
Event: 12.309 GC heap after
{Heap after GC invocations=18 (full 0):
 garbage-first heap   total 90112K, used 38116K [0x0000000709400000, 0x0000000800000000)
  region size 2048K, 2 young (4096K), 2 survivors (4096K)
 Metaspace       used 72393K, committed 73024K, reserved 1114112K
  class space    used 10073K, committed 10368K, reserved 1048576K
}
Event: 12.887 GC heap before
{Heap before GC invocations=18 (full 0):
 garbage-first heap   total 90112K, used 77028K [0x0000000709400000, 0x0000000800000000)
  region size 2048K, 21 young (43008K), 2 survivors (4096K)
 Metaspace       used 76672K, committed 77376K, reserved 1179648K
  class space    used 10574K, committed 10880K, reserved 1048576K
}
Event: 12.891 GC heap after
{Heap after GC invocations=19 (full 0):
 garbage-first heap   total 90112K, used 40941K [0x0000000709400000, 0x0000000800000000)
  region size 2048K, 3 young (6144K), 3 survivors (6144K)
 Metaspace       used 76672K, committed 77376K, reserved 1179648K
  class space    used 10574K, committed 10880K, reserved 1048576K
}
Event: 13.439 GC heap before
{Heap before GC invocations=19 (full 0):
 garbage-first heap   total 90112K, used 75757K [0x0000000709400000, 0x0000000800000000)
  region size 2048K, 21 young (43008K), 3 survivors (6144K)
 Metaspace       used 82531K, committed 83264K, reserved 1179648K
  class space    used 11133K, committed 11456K, reserved 1048576K
}
Event: 13.444 GC heap after
{Heap after GC invocations=20 (full 0):
 garbage-first heap   total 90112K, used 44024K [0x0000000709400000, 0x0000000800000000)
  region size 2048K, 3 young (6144K), 3 survivors (6144K)
 Metaspace       used 82531K, committed 83264K, reserved 1179648K
  class space    used 11133K, committed 11456K, reserved 1048576K
}
Event: 14.047 GC heap before
{Heap before GC invocations=21 (full 0):
 garbage-first heap   total 90112K, used 76792K [0x0000000709400000, 0x0000000800000000)
  region size 2048K, 19 young (38912K), 3 survivors (6144K)
 Metaspace       used 84916K, committed 85696K, reserved 1179648K
  class space    used 11454K, committed 11840K, reserved 1048576K
}
Event: 14.052 GC heap after
{Heap after GC invocations=22 (full 0):
 garbage-first heap   total 90112K, used 46769K [0x0000000709400000, 0x0000000800000000)
  region size 2048K, 3 young (6144K), 3 survivors (6144K)
 Metaspace       used 84916K, committed 85696K, reserved 1179648K
  class space    used 11454K, committed 11840K, reserved 1048576K
}

