# JRE version: OpenJDK Runtime Environment Temurin-21.0.8+9 (21.0.8+9) (build 21.0.8+9-LTS)
# Java VM: OpenJDK 64-Bit Server VM Temurin-21.0.8+9 (21.0.8+9-LTS, mixed mode, sharing, tiered, compressed oops, compressed class ptrs, g1 gc, windows-amd64)
GC Precious Log:
 CardTable entry size: 512
 Card Set container configuration: InlinePtr #cards 4 size 8 Array Of Cards #cards 16 size 48 Howl #buckets 8 coarsen threshold 3686 Howl Bitmap #cards 512 size 80 coarsen threshold 460 Card regions per heap region 1 cards per card region 4096
 CPUs: 12 total, 12 available
 Memory: 15789M
 Large Page Support: Disabled
 NUMA Support: Disabled
 Compressed Oops: Enabled (Zero based)
 Heap Region Size: 2M
 Heap Min Capacity: 8M
 Heap Initial Capacity: 248M
 Heap Max Capacity: 3948M
 Pre-touch: Disabled
 Parallel Workers: 10
 Concurrent Workers: 3
 Concurrent Refinement Workers: 10
 Periodic GC: Disabled
Heap:
 garbage-first heap   total 139264K, used 109792K [0x0000000709400000, 0x0000000800000000)
  region size 2048K, 24 young (49152K), 3 survivors (6144K)
 Metaspace       used 113259K, committed 114432K, reserved 1179648K
  class space    used 14567K, committed 15104K, reserved 1048576K
GC Heap History (20 events):
Event: 11.900 GC heap before
{Heap before GC invocations=23 (full 0):
 garbage-first heap   total 75776K, used 63488K [0x0000000709400000, 0x0000000800000000)
  region size 2048K, 11 young (22528K), 2 survivors (4096K)
 Metaspace       used 74025K, committed 74752K, reserved 1114112K
  class space    used 10194K, committed 10496K, reserved 1048576K
}
Event: 11.903 GC heap after
{Heap after GC invocations=24 (full 0):
 garbage-first heap   total 75776K, used 46597K [0x0000000709400000, 0x0000000800000000)
  region size 2048K, 1 young (2048K), 1 survivors (2048K)
 Metaspace       used 74025K, committed 74752K, reserved 1114112K
  class space    used 10194K, committed 10496K, reserved 1048576K
}
Event: 11.946 GC heap before
{Heap before GC invocations=24 (full 0):
 garbage-first heap   total 75776K, used 65029K [0x0000000709400000, 0x0000000800000000)
  region size 2048K, 10 young (20480K), 1 survivors (2048K)
 Metaspace       used 74025K, committed 74752K, reserved 1114112K
  class space    used 10194K, committed 10496K, reserved 1048576K
}
Event: 11.949 GC heap after
{Heap after GC invocations=25 (full 0):
 garbage-first heap   total 75776K, used 46747K [0x0000000709400000, 0x0000000800000000)
  region size 2048K, 1 young (2048K), 1 survivors (2048K)
 Metaspace       used 74025K, committed 74752K, reserved 1114112K
  class space    used 10194K, committed 10496K, reserved 1048576K
}
Event: 11.991 GC heap before
{Heap before GC invocations=25 (full 0):
 garbage-first heap   total 75776K, used 65179K [0x0000000709400000, 0x0000000800000000)
  region size 2048K, 10 young (20480K), 1 survivors (2048K)
 Metaspace       used 74026K, committed 74752K, reserved 1114112K
  class space    used 10194K, committed 10496K, reserved 1048576K
}
Event: 11.993 GC heap after
{Heap after GC invocations=26 (full 0):
 garbage-first heap   total 139264K, used 46836K [0x0000000709400000, 0x0000000800000000)
  region size 2048K, 1 young (2048K), 1 survivors (2048K)
 Metaspace       used 74026K, committed 74752K, reserved 1114112K
  class space    used 10194K, committed 10496K, reserved 1048576K
}
Event: 12.866 GC heap before
{Heap before GC invocations=27 (full 0):
 garbage-first heap   total 139264K, used 122612K [0x0000000709400000, 0x0000000800000000)
  region size 2048K, 38 young (77824K), 1 survivors (2048K)
 Metaspace       used 80876K, committed 81600K, reserved 1179648K
  class space    used 10988K, committed 11328K, reserved 1048576K
}
Event: 12.871 GC heap after
{Heap after GC invocations=28 (full 0):
 garbage-first heap   total 139264K, used 52909K [0x0000000709400000, 0x0000000800000000)
  region size 2048K, 4 young (8192K), 4 survivors (8192K)
 Metaspace       used 80876K, committed 81600K, reserved 1179648K
  class space    used 10988K, committed 11328K, reserved 1048576K
}
Event: 13.549 GC heap before
{Heap before GC invocations=28 (full 0):
 garbage-first heap   total 139264K, used 120493K [0x0000000709400000, 0x0000000800000000)
  region size 2048K, 37 young (75776K), 4 survivors (8192K)
 Metaspace       used 85465K, committed 86208K, reserved 1179648K
  class space    used 11373K, committed 11712K, reserved 1048576K
}
Event: 13.557 GC heap after
{Heap after GC invocations=29 (full 0):
 garbage-first heap   total 139264K, used 56007K [0x0000000709400000, 0x0000000800000000)
  region size 2048K, 2 young (4096K), 2 survivors (4096K)
 Metaspace       used 85465K, committed 86208K, reserved 1179648K
  class space    used 11373K, committed 11712K, reserved 1048576K
}
Event: 14.435 GC heap before
{Heap before GC invocations=29 (full 0):
 garbage-first heap   total 139264K, used 123591K [0x0000000709400000, 0x0000000800000000)
  region size 2048K, 35 young (71680K), 2 survivors (4096K)
 Metaspace       used 89338K, committed 90240K, reserved 1179648K
  class space    used 11804K, committed 12224K, reserved 1048576K
}
Event: 14.441 GC heap after
{Heap after GC invocations=30 (full 0):
 garbage-first heap   total 139264K, used 59435K [0x0000000709400000, 0x0000000800000000)
  region size 2048K, 4 young (8192K), 4 survivors (8192K)
 Metaspace       used 89338K, committed 90240K, reserved 1179648K
  class space    used 11804K, committed 12224K, reserved 1048576K
}
Event: 15.535 GC heap before
{Heap before GC invocations=31 (full 0):
 garbage-first heap   total 139264K, used 120875K [0x0000000709400000, 0x0000000800000000)
  region size 2048K, 34 young (69632K), 4 survivors (8192K)
 Metaspace       used 94205K, committed 95168K, reserved 1179648K
  class space    used 12557K, committed 12992K, reserved 1048576K
}
Event: 15.547 GC heap after
{Heap after GC invocations=32 (full 0):
 garbage-first heap   total 139264K, used 64069K [0x0000000709400000, 0x0000000800000000)
  region size 2048K, 5 young (10240K), 5 survivors (10240K)
 Metaspace       used 94205K, committed 95168K, reserved 1179648K
  class space    used 12557K, committed 12992K, reserved 1048576K
}
Event: 42.676 GC heap before
{Heap before GC invocations=32 (full 0):
 garbage-first heap   total 139264K, used 117317K [0x0000000709400000, 0x0000000800000000)
  region size 2048K, 31 young (63488K), 5 survivors (10240K)
 Metaspace       used 101807K, committed 102848K, reserved 1179648K
  class space    used 13584K, committed 14080K, reserved 1048576K
}
Event: 42.687 GC heap after
{Heap after GC invocations=33 (full 0):
 garbage-first heap   total 139264K, used 64266K [0x0000000709400000, 0x0000000800000000)
  region size 2048K, 2 young (4096K), 2 survivors (4096K)
 Metaspace       used 101807K, committed 102848K, reserved 1179648K
  class space    used 13584K, committed 14080K, reserved 1048576K
}
Event: 92.813 GC heap before
{Heap before GC invocations=33 (full 0):
 garbage-first heap   total 139264K, used 123658K [0x0000000709400000, 0x0000000800000000)
  region size 2048K, 32 young (65536K), 2 survivors (4096K)
 Metaspace       used 110187K, committed 111296K, reserved 1179648K
  class space    used 14372K, committed 14912K, reserved 1048576K
}
Event: 92.820 GC heap after
{Heap after GC invocations=34 (full 0):
 garbage-first heap   total 139264K, used 66585K [0x0000000709400000, 0x0000000800000000)
  region size 2048K, 3 young (6144K), 3 survivors (6144K)
 Metaspace       used 110187K, committed 111296K, reserved 1179648K
  class space    used 14372K, committed 14912K, reserved 1048576K
}
Event: 156.510 GC heap before
{Heap before GC invocations=35 (full 0):
 garbage-first heap   total 139264K, used 121881K [0x0000000709400000, 0x0000000800000000)
  region size 2048K, 31 young (63488K), 3 survivors (6144K)
 Metaspace       used 112626K, committed 113728K, reserved 1179648K
  class space    used 14547K, committed 15040K, reserved 1048576K
}
Event: 156.523 GC heap after
{Heap after GC invocations=36 (full 0):
 garbage-first heap   total 139264K, used 68832K [0x0000000709400000, 0x0000000800000000)
  region size 2048K, 3 young (6144K), 3 survivors (6144K)
 Metaspace       used 112626K, committed 113728K, reserved 1179648K
  class space    used 14547K, committed 15040K, reserved 1048576K
}

